<?xml version="1.0" encoding="UTF-8"?>
<!-- Generated by org.testng.reporters.JUnitReportReporter -->
<testsuite hostname="LIN-5CG136BW3P" failures="0" tests="2" name="StepDefinitions.ExcelSheet" time="37.540" errors="0" timestamp="2024-04-02T13:01:52 IST" skipped="0">
  <testcase classname="StepDefinitions.ExcelSheet" name="details" time="16.774"/>
  <testcase classname="StepDefinitions.ExcelSheet" name="details" time="20.766"/>
</testsuite> <!-- StepDefinitions.ExcelSheet -->
