<?xml version="1.0" encoding="UTF-8"?>
<!-- Generated by org.testng.reporters.JUnitReportReporter -->
<testsuite hostname="LIN-5CG136BW3P" failures="0" tests="6" name="Runner.TestNGRunner" time="133.413" errors="0" timestamp="2024-04-02T13:01:52 IST" skipped="0">
  <testcase classname="Runner.TestNGRunner" name="runScenario" time="17.015"/>
  <testcase classname="Runner.TestNGRunner" name="runScenario" time="22.430"/>
  <testcase classname="Runner.TestNGRunner" name="runScenario" time="19.990"/>
  <testcase classname="Runner.TestNGRunner" name="runScenario" time="33.012"/>
  <testcase classname="Runner.TestNGRunner" name="runScenario" time="28.791"/>
  <testcase classname="Runner.TestNGRunner" name="runScenario" time="12.175"/>
</testsuite> <!-- Runner.TestNGRunner -->
